Arguments: 
  C:\Program Files\nodejs\node.exe C:\Users\YZT\AppData\Roaming\npm\node_modules\yarn\bin\yarn.js add antd

PATH: 
  C:\windows\system32;C:\windows;C:\windows\System32\Wbem;C:\windows\System32\WindowsPowerShell\v1.0\;C:\Program Files\nodejs\;C:\Program Files (x86)\NVIDIA Corporation\PhysX\Common;C:\WINDOWS\system32;C:\WINDOWS;C:\WINDOWS\System32\Wbem;C:\WINDOWS\System32\WindowsPowerShell\v1.0\;C:\Program Files (x86)\ClockworkMod\Universal Adb Driver;C:\Program Files (x86)\ClockworkMod\Universal Adb Driver;C:\WINDOWS\System32\OpenSSH\;C:\Program Files (x86)\Git\cmd;C:\Users\YZT\AppData\Local\Programs\Python\Python37\Scripts\;C:\Users\YZT\AppData\Local\Programs\Python\Python37\;C:\Users\YZT\AppData\Local\Microsoft\WindowsApps;C:\Users\YZT\AppData\Roaming\npm;C:\Program Files\Microsoft VS Code\bin

Yarn version: 
  1.3.2

Node version: 
  8.9.4

Platform: 
  win32 x64

npm manifest: 
  {
    "name": "code",
    "version": "1.0.0",
    "description": "",
    "main": "index.js",
    "scripts": {
      "dev": "webpack-dev-server --config ./build/webpack.dev.conf.js",
      "dll": "webpack --config ./build/webpack.dll.config.js",
      "build": "rimraf dist && cross-env NODE_ENV=production webpack --config ./build/webpack.prod.conf.js",
      "build:dll": "rimraf dist && webpack --config build/webpack.dll.prod.conf.js"
    },
    "devDependencies": {
      "add-asset-html-webpack-plugin": "^2.1.3",
      "assets-webpack-plugin": "^3.5.1",
      "babel-core": "^6.26.0",
      "babel-loader": "^7.1.4",
      "babel-plugin-dynamic-import-node": "^1.2.0",
      "babel-plugin-syntax-dynamic-import": "^6.18.0",
      "babel-plugin-transform-decorators": "^6.24.1",
      "babel-plugin-transform-decorators-legacy": "^1.3.4",
      "babel-plugin-transform-runtime": "^6.23.0",
      "babel-preset-env": "^1.6.1",
      "babel-preset-es2015": "^6.24.1",
      "babel-preset-react": "^6.24.1",
      "babel-preset-stage-1": "^6.24.1",
      "babel-preset-stage-2": "^6.24.1",
      "babel-register": "^6.26.0",
      "cheerio": "^1.0.0-rc.2",
      "clean-webpack-plugin": "^0.1.19",
      "copy-webpack-plugin": "^4.5.1",
      "cross-env": "^5.1.4",
      "css-loader": "^0.28.11",
      "eslint": "^4.19.1",
      "eslint-config-standard": "^11.0.0",
      "eslint-loader": "^2.0.0",
      "eslint-plugin-html": "^4.0.3",
      "eslint-plugin-import": "^2.11.0",
      "eslint-plugin-node": "^6.0.1",
      "eslint-plugin-promise": "^3.7.0",
      "eslint-plugin-standard": "^3.1.0",
      "extract-text-webpack-plugin": "^4.0.0-beta.0",
      "file-loader": "^1.1.11",
      "friendly-errors-webpack-plugin": "^1.6.1",
      "html-webpack-include-assets-plugin": "^1.0.4",
      "html-webpack-plugin": "^3.0.7",
      "less": "^3.0.1",
      "less-loader": "^4.1.0",
      "memory-fs": "^0.4.1",
      "mini-css-extract-plugin": "^0.4.0",
      "node-notifier": "^5.2.1",
      "node-sass": "^4.9.0",
      "nodemon": "^1.17.2",
      "postcss-loader": "^2.1.5",
      "request": "^2.87.0",
      "sass-loader": "^7.0.1",
      "style-loader": "^0.20.3",
      "typescript": "^2.8.3",
      "uglifyjs-webpack-plugin": "^1.2.4",
      "url-loader": "^1.0.1",
      "webpack": "^4.1.1",
      "webpack-bundle-analyzer": "^2.11.1",
      "webpack-cli": "^2.0.12",
      "webpack-dev-middleware": "^3.0.1",
      "webpack-dev-server": "^3.1.3",
      "webpack-hot-middleware": "^2.21.2",
      "webpack-merge": "^4.1.2",
      "webpack-node-externals": "^1.6.0",
      "webpack-parallel-uglify-plugin": "^1.1.0"
    },
    "author": "lsjbfc@163.com",
    "license": "ISC",
    "dependencies": {
      "axios": "^0.18.0",
      "react": "^16.3.2",
      "react-dom": "^16.3.2",
      "react-router-dom": "^4.2.2",
      "ts-loader": "^4.2.0"
    },
    "typeAcquisition": {
      "include": [
        "lodash"
      ]
    }
  }

yarn manifest: 
  No manifest

Lockfile: 
  No lockfile

Trace: 
  Error: ENOENT: no such file or directory, copyfile 'C:\Users\YZT\AppData\Local\Yarn\cache\v1\npm-fast-deep-equal-2.0.1-7b05218ddf9667bf7f370bf7fdb2cb15fdd0aa49\LICENSE' -> 'E:\music\node_modules\ajv-keywords\node_modules\fast-deep-equal\LICENSE'
